<?xml version="1.0" encoding="UTF-8"?>
<!-- Generated by org.testng.reporters.JUnitXMLReporter -->
<testsuite hostname="DESKTOP-3CHMCE1" ignored="0" name="SmokeTest" tests="1" failures="1" timestamp="25 апр 2018 17:18:00 GMT" time="0.03" errors="0">
  <testcase name="test1" time="0.011" classname="by.htp.test.TestClass">
    <failure type="java.lang.AssertionError" message="expected object to not be null">
      <![CDATA[java.lang.AssertionError: expected object to not be null
	at by.htp.test.TestClass.test1(TestClass.java:13)
... Removed 28 stack frames]]>
    </failure>
  </testcase> <!-- test1 -->
</testsuite> <!-- SmokeTest -->
